<?xml version="1.0" encoding="UTF-8"?>
<!-- Generated by org.testng.reporters.JUnitReportReporter -->
<testsuite hostname="SMNLT-112" failures="0" tests="1" name="testCases.TC001_AccountRegistrationTest" time="2.752" errors="0" timestamp="2024-09-05T19:38:32 IST" skipped="0">
  <testcase classname="testCases.TC001_AccountRegistrationTest" name="verify_acount_registration" time="2.752"/>
</testsuite> <!-- testCases.TC001_AccountRegistrationTest -->
